[debug] [2021-04-14T01:27:58.272Z] ----------------------------------------------------------------------
[debug] [2021-04-14T01:27:58.275Z] Command:       /Users/murayamasatoshi/.nodebrew/node/v12.18.3/bin/node /Users/murayamasatoshi/.nodebrew/current/bin/firebase deploy
[debug] [2021-04-14T01:27:58.275Z] CLI Version:   9.9.0
[debug] [2021-04-14T01:27:58.275Z] Platform:      darwin
[debug] [2021-04-14T01:27:58.275Z] Node Version:  v12.18.3
[debug] [2021-04-14T01:27:58.284Z] Time:          Wed Apr 14 2021 10:27:58 GMT+0900 (GMT+09:00)
[debug] [2021-04-14T01:27:58.284Z] ----------------------------------------------------------------------
[debug] 
[debug] [2021-04-14T01:27:58.288Z] >>> [apiv2][query] GET https://firebase-public.firebaseio.com/cli.json [none]
[debug] [2021-04-14T01:27:58.311Z] > command requires scopes: ["email","openid","https://www.googleapis.com/auth/cloudplatformprojects.readonly","https://www.googleapis.com/auth/firebase","https://www.googleapis.com/auth/cloud-platform"]
[debug] [2021-04-14T01:27:58.312Z] > authorizing via signed-in user (muracchi3104@gmail.com)
[debug] [2021-04-14T01:27:58.312Z] [iam] checking project good-disctrict for permissions ["firebase.projects.get","firebasehosting.sites.update"]
[debug] [2021-04-14T01:27:58.313Z] > refreshing access token with scopes: ["email","https://www.googleapis.com/auth/cloud-platform","https://www.googleapis.com/auth/cloudplatformprojects.readonly","https://www.googleapis.com/auth/firebase","openid"]
[debug] [2021-04-14T01:27:58.313Z] >>> HTTP REQUEST POST https://www.googleapis.com/oauth2/v3/token  
 <request body omitted>
[debug] [2021-04-14T01:27:58.496Z] <<< HTTP RESPONSE 200 {"cache-control":"no-cache, no-store, max-age=0, must-revalidate","pragma":"no-cache","date":"Wed, 14 Apr 2021 01:27:58 GMT","expires":"Mon, 01 Jan 1990 00:00:00 GMT","content-type":"application/json; charset=utf-8","vary":"X-Origin, Referer, Origin,Accept-Encoding","server":"scaffolding on HTTPServer2","x-xss-protection":"0","x-frame-options":"SAMEORIGIN","x-content-type-options":"nosniff","alt-svc":"h3-29=\":443\"; ma=2592000,h3-T051=\":443\"; ma=2592000,h3-Q050=\":443\"; ma=2592000,h3-Q046=\":443\"; ma=2592000,h3-Q043=\":443\"; ma=2592000,quic=\":443\"; ma=2592000; v=\"46,43\"","accept-ranges":"none","transfer-encoding":"chunked"}
[debug] [2021-04-14T01:27:58.585Z] >>> HTTP REQUEST POST https://cloudresourcemanager.googleapis.com/v1/projects/good-disctrict:testIamPermissions  
 {"permissions":["firebase.projects.get","firebasehosting.sites.update"]}
[debug] [2021-04-14T01:27:58.877Z] <<< [apiv2][status] GET https://firebase-public.firebaseio.com/cli.json 200
[debug] [2021-04-14T01:27:58.878Z] <<< [apiv2][body] GET https://firebase-public.firebaseio.com/cli.json {"cloudBuildErrorAfter":1594252800000,"cloudBuildWarnAfter":1590019200000,"defaultNode10After":1594252800000,"minVersion":"3.0.5","node8DeploysDisabledAfter":1613390400000,"node8RuntimeDisabledAfter":1615809600000,"node8WarnAfter":1600128000000}
